dataset:
  dataset_name: qm9
  num_outputs: 1
  init:
    _target_: qm9.QM9DataModule
    data_augmentation: false
    name: qm9
    target: 2
    data_dir: ./data
    batch_size_train: 100
    batch_size_inference: 2048
    num_workers: 4
    splits:
    - 0.72
    - 0.08
    - 0.1
    - 0.1
    seed: 0
    subset_size: null
trainer:
  method: semi-supervised-ensemble
  train:
    total_epochs: 250
    validation_interval: 10
  init:
    _target_: trainer.SemiSupervisedEnsemble
    supervised_criterion:
      _target_: torch.nn.MSELoss
    optimizer:
      _target_: torch.optim.AdamW
      _partial_: true
      lr: 0.002
      weight_decay: 0.005
    scheduler:
      _target_: torch.optim.lr_scheduler.CosineAnnealingLR
      _partial_: true
      T_max: ${trainer.train.total_epochs}
      eta_min: 1.0e-06
    use_amp: true
logger:
  _target_: logger.WandBLogger
  group: ${dataset.dataset_name}
  name: gcn_residual_lr0.002
  job_type: test
  entity: tanja-pock-technical-university-of-munich
  project_name: semi-supervised-ensembles
  disable: false
  local_dir: ./logs
model:
  name: gcn_residual
  init:
    _target_: models.GCNResidual
    _partial_: false
    num_node_features: 11
seed: 0
device: unset
force_deterministic: false
debug_mode: false
result_dir: ./results
compile_model: false

QM9 dataset loaded with 10466 labeled, 94198 unlabeled, 13083 validation, and 13084 test samples.
Batch sizes: labeled=100, unlabeled=100
[1;34mwandb[0m: 
[1;34mwandb[0m: 🚀 View run [33mgcn_residual_lr0.002[0m at: [34mhttps://wandb.ai/tanja-pock-technical-university-of-munich/semi-supervised-ensembles/runs/6cp67w3n[0m

------------------------------------------------------------
Sender: LSF System <lsfadmin@hpc.dtu.dk>
Subject: Job 26959176: <run_GCN> in cluster <dcc> Done

Job <run_GCN> was submitted from host <n-62-30-1> by user <s252263> in cluster <dcc> at Thu Nov 13 16:27:40 2025
Job was executed on host(s) <8*n-62-11-14>, in queue <gpuv100>, as user <s252263> in cluster <dcc> at Thu Nov 13 16:33:07 2025
</zhome/3d/c/222266> was used as the home directory.
</zhome/3d/c/222266/gnn_intro> was used as the working directory.
Started at Thu Nov 13 16:33:07 2025
Terminated at Thu Nov 13 16:38:42 2025
Results reported at Thu Nov 13 16:38:42 2025

Your job looked like:

------------------------------------------------------------
# LSBATCH: User input
#!/bin/bash
#BSUB -q gpuv100
#BSUB -J run_GCN
#BSUB -n 8
#BSUB -R "rusage[mem=32000]"
#BSUB -M 32000
# GPU & placement
#BSUB -R "select[gpu]"
#BSUB -R "span[hosts=1]"
#BSUB -gpu "num=1"
# Time & logs
#BSUB -W 08:00
#BSUB -o /zhome/3d/c/222266/gnn_intro/hpc_logs/gcn_%J.out
#BSUB -e /zhome/3d/c/222266/gnn_intro/hpc_logs/gcn_%J.err

set -euo pipefail

module purge
module load python3/3.10.12
module load gcc
source "/zhome/3d/c/222266/ComputationalTools/AmazonReview/.venv/bin/activate"

#python3 src/run.py logger.name=graph_sage trainer=semi-supervised-ensemble model=graph_sage 

python3 src/run.py logger.name=gcn_residual_lr0.002 trainer=semi-supervised-ensemble model=gcn_residual trainer.init.optimizer.lr=0.002 
------------------------------------------------------------

Successfully completed.

Resource usage summary:

    CPU time :                                   1004.48 sec.
    Max Memory :                                 2921 MB
    Average Memory :                             2431.20 MB
    Total Requested Memory :                     256000.00 MB
    Delta Memory :                               253079.00 MB
    Max Swap :                                   -
    Max Processes :                              14
    Max Threads :                                71
    Run time :                                   335 sec.
    Turnaround time :                            662 sec.

The output (if any) is above this job summary.



PS:

Read file </zhome/3d/c/222266/gnn_intro/hpc_logs/gcn_26959176.err> for stderr output of this job.

