dataset:
  dataset_name: qm9
  num_outputs: 1
  init:
    _target_: qm9.QM9DataModule
    data_augmentation: false
    name: qm9
    target: 2
    data_dir: ./data
    batch_size_train: 100
    batch_size_inference: 2048
    num_workers: 4
    splits:
    - 0.72
    - 0.08
    - 0.1
    - 0.1
    seed: 0
    subset_size: null
trainer:
  method: semi-supervised-ensemble
  train:
    total_epochs: 250
    validation_interval: 10
  init:
    _target_: trainer.SemiSupervisedEnsemble
    supervised_criterion:
      _target_: torch.nn.MSELoss
    optimizer:
      _target_: torch.optim.AdamW
      _partial_: true
      lr: 0.001
      weight_decay: 0.005
    scheduler:
      _target_: torch.optim.lr_scheduler.StepLR
      _partial_: true
      step_size: 1
      gamma: 0.975
logger:
  _target_: logger.WandBLogger
  group: ${dataset.dataset_name}
  name: ${model.name}_seed=${seed}
  job_type: test
  entity: tanja-pock-technical-university-of-munich
  project_name: semi-supervised-ensembles
  disable: false
  local_dir: ./logs
model:
  name: gcn
  init:
    _target_: models.GCN
    _partial_: false
    num_node_features: 11
seed: 0
device: unset
force_deterministic: false
debug_mode: false
result_dir: ./results
compile_model: false

QM9 dataset loaded with 10466 labeled, 94198 unlabeled, 13083 validation, and 13084 test samples.
Batch sizes: labeled=100, unlabeled=100
[1;34mwandb[0m: 
[1;34mwandb[0m: 🚀 View run [33mgcn_seed=0[0m at: [34mhttps://wandb.ai/tanja-pock-technical-university-of-munich/semi-supervised-ensembles/runs/z6pbji07[0m

------------------------------------------------------------
Sender: LSF System <lsfadmin@hpc.dtu.dk>
Subject: Job 26847178: <run_GCN> in cluster <dcc> Done

Job <run_GCN> was submitted from host <n-62-27-22> by user <s252263> in cluster <dcc> at Mon Nov 10 14:40:09 2025
Job was executed on host(s) <8*n-62-20-14>, in queue <gpuv100>, as user <s252263> in cluster <dcc> at Mon Nov 10 14:44:36 2025
</zhome/3d/c/222266> was used as the home directory.
</zhome/3d/c/222266/gnn_intro> was used as the working directory.
Started at Mon Nov 10 14:44:36 2025
Terminated at Mon Nov 10 14:49:24 2025
Results reported at Mon Nov 10 14:49:24 2025

Your job looked like:

------------------------------------------------------------
# LSBATCH: User input
#!/bin/bash
#BSUB -q gpuv100
#BSUB -J run_GCN
#BSUB -n 8
# Request + enforce 32 GB (in MB units)
# If your site allows G-suffix, you can use 32G instead of 32000.
#BSUB -R "rusage[mem=32000]"
#BSUB -M 32000
# GPU & placement
#BSUB -R "select[gpu]"
#BSUB -R "span[hosts=1]"
#BSUB -gpu "num=1"
# Time & logs
#BSUB -W 08:00
#BSUB -o /zhome/3d/c/222266/gnn_intro/hpc_logs/gcn_%J.out
#BSUB -e /zhome/3d/c/222266/gnn_intro/hpc_logs/gcn_%J.err

set -euo pipefail

module purge
module load python3/3.10.12
module load gcc
source "/zhome/3d/c/222266/ComputationalTools/AmazonReview/.venv/bin/activate"

python3 src/run.py 
 

------------------------------------------------------------

Successfully completed.

Resource usage summary:

    CPU time :                                   693.86 sec.
    Max Memory :                                 2848 MB
    Average Memory :                             2209.50 MB
    Total Requested Memory :                     256000.00 MB
    Delta Memory :                               253152.00 MB
    Max Swap :                                   -
    Max Processes :                              14
    Max Threads :                                73
    Run time :                                   288 sec.
    Turnaround time :                            555 sec.

The output (if any) is above this job summary.



PS:

Read file </zhome/3d/c/222266/gnn_intro/hpc_logs/gcn_26847178.err> for stderr output of this job.

