dataset:
  dataset_name: qm9
  num_outputs: 1
  init:
    _target_: qm9.QM9DataModule
    data_augmentation: false
    name: qm9
    target: 2
    data_dir: ./data
    batch_size_train: 100
    batch_size_inference: 2048
    num_workers: 4
    splits:
    - 0.72
    - 0.08
    - 0.1
    - 0.1
    seed: 0
    subset_size: null
trainer:
  method: semi-supervised-ensemble
  train:
    total_epochs: 400
    validation_interval: 10
  init:
    _target_: trainer.SemiSupervisedEnsemble
    lambda_max: 0.05
    supervised_criterion:
      _target_: torch.nn.MSELoss
    optimizer:
      _target_: torch.optim.AdamW
      _partial_: true
      lr: 0.005
      weight_decay: 0.01
    scheduler:
      _target_: torch.optim.lr_scheduler.StepLR
      _partial_: true
      step_size: 10
      gamma: 0.9
logger:
  _target_: logger.WandBLogger
  group: ${dataset.dataset_name}
  name: A_gcn_Test_Run
  job_type: test
  entity: DL-gr82
  project_name: Meanest Teacher
  disable: false
  local_dir: ./logs
model:
  name: advanced_gcn
  init:
    _target_: models.advanced_GCN
    _partial_: false
    num_node_features: 11
    hidden_channels: 128
    dropout: 0.05
    use_layer_norm: false
    use_residual: true
    use_kaiming_init: false
num_models: 1
seed: 0
device: unset
force_deterministic: false
debug_mode: false
result_dir: ./results
compile_model: false

QM9 dataset loaded with 10466 labeled, 94198 unlabeled, 13083 validation, and 13084 test samples.
Batch sizes: labeled=100, unlabeled=100
Supervised batches: 105, Unsupervised batches: 942
tensor(0., device='cuda:0')
tensor(0., device='cuda:0', grad_fn=<MeanBackward0>)

==============================
   FINAL TEST SET RESULTS
==============================
{'test_MSE': 0.0441515078502042}
[1;34mwandb[0m: 
[1;34mwandb[0m: 🚀 View run [33mA_gcn_Test_Run[0m at: [34mhttps://wandb.ai/DL-gr82/Meanest%20Teacher/runs/rjrux7kg[0m

------------------------------------------------------------
Sender: LSF System <lsfadmin@hpc.dtu.dk>
Subject: Job 27269855: <sage_conv> in cluster <dcc> Exited

Job <sage_conv> was submitted from host <n-62-27-20> by user <s194778> in cluster <dcc> at Wed Dec  3 20:43:08 2025
Job was executed on host(s) <8*n-62-11-13>, in queue <gpuv100>, as user <s194778> in cluster <dcc> at Wed Dec  3 20:43:55 2025
</zhome/f9/1/147385> was used as the home directory.
</zhome/f9/1/147385/02456-g82-dl-project> was used as the working directory.
Started at Wed Dec  3 20:43:55 2025
Terminated at Wed Dec  3 21:22:16 2025
Results reported at Wed Dec  3 21:22:16 2025

Your job looked like:

------------------------------------------------------------
# LSBATCH: User input
# LSBATCH: User input
#!/bin/bash
#BSUB -q gpuv100
#BSUB -J sage_conv
#BSUB -n 8
#BSUB -R "rusage[mem=10000]"
#BSUB -M 10000
# GPU & placement
#BSUB -R "select[gpu]"
#BSUB -R "span[hosts=1]"
#BSUB -gpu "num=1"
# Time & logs
#BSUB -W 08:00
#BSUB -o /zhome/f9/1/147385/02456-g82-dl-project/hpc_logs/gcn_%J.out
#BSUB -e /zhome/f9/1/147385/02456-g82-dl-project/hpc_logs/gcn_%J.err

set -euo pipefail

module purge
module load python3/3.10.12
# module load cuda/12.1
module load gcc
source "/zhome/f9/1/147385/my_venv/bin/activate"

#python3 src/run.py logger.name=sage trainer=semi-supervised-ensemble model=sage 

python3 src/run.py trainer=advanced_gcn_trainer model=advanced_gcn logger.name="A_gcn_Test_Run"
#logger.name=gcn_residual_lr0.005_wd0.002 trainer=semi-supervised-ensemble model=gcn_residual trainer.init.optimizer.lr=0.005 trainer.init.optimizer.weight_decay=0.002
------------------------------------------------------------

Exited with exit code 1.

Resource usage summary:

    CPU time :                                   4861.52 sec.
    Max Memory :                                 4938 MB
    Average Memory :                             4457.41 MB
    Total Requested Memory :                     80000.00 MB
    Delta Memory :                               75062.00 MB
    Max Swap :                                   -
    Max Processes :                              18
    Max Threads :                                87
    Run time :                                   2303 sec.
    Turnaround time :                            2348 sec.

The output (if any) is above this job summary.



PS:

Read file </zhome/f9/1/147385/02456-g82-dl-project/hpc_logs/gcn_27269855.err> for stderr output of this job.

