
------------------------------------------------------------
Sender: LSF System <lsfadmin@hpc.dtu.dk>
Subject: Job 27278818: <sage_conv> in cluster <dcc> Exited

Job <sage_conv> was submitted from host <n-62-30-5> by user <s194778> in cluster <dcc> at Thu Dec  4 14:58:48 2025
Job was executed on host(s) <8*n-62-11-14>, in queue <gpuv100>, as user <s194778> in cluster <dcc> at Thu Dec  4 15:07:21 2025
</zhome/f9/1/147385> was used as the home directory.
</zhome/f9/1/147385> was used as the working directory.
Started at Thu Dec  4 15:07:21 2025
Terminated at Thu Dec  4 15:07:23 2025
Results reported at Thu Dec  4 15:07:23 2025

Your job looked like:

------------------------------------------------------------
# LSBATCH: User input
# LSBATCH: User input
#!/bin/bash
#BSUB -q gpuv100
#BSUB -J sage_conv
#BSUB -n 8
#BSUB -R "rusage[mem=10000]"
#BSUB -M 10000
# GPU & placement
#BSUB -R "select[gpu]"
#BSUB -R "span[hosts=1]"
#BSUB -gpu "num=1"
# Time & logs
#BSUB -W 08:00
#BSUB -o /zhome/f9/1/147385/02456-g82-dl-project/hpc_logs/gcn_%J.out
#BSUB -e /zhome/f9/1/147385/02456-g82-dl-project/hpc_logs/gcn_%J.err

set -euo pipefail

module purge
module load python3/3.10.12
# module load cuda/12.1
module load gcc
source "/zhome/f9/1/147385/my_venv/bin/activate"

#python3 src/run.py logger.name=sage trainer=semi-supervised-ensemble model=sage 

python3 src/run.py trainer=semi-supervised-ensemble-custom model=schnet_model logger.name="SchNet Final Boss on Test"
#logger.name=gcn_residual_lr0.005_wd0.002 trainer=semi-supervised-ensemble model=gcn_residual trainer.init.optimizer.lr=0.005 trainer.init.optimizer.weight_decay=0.002
------------------------------------------------------------

Exited with exit code 2.

Resource usage summary:

    CPU time :                                   0.87 sec.
    Max Memory :                                 -
    Average Memory :                             -
    Total Requested Memory :                     80000.00 MB
    Delta Memory :                               -
    Max Swap :                                   -
    Max Processes :                              -
    Max Threads :                                -
    Run time :                                   3 sec.
    Turnaround time :                            515 sec.

The output (if any) is above this job summary.



PS:

Read file </zhome/f9/1/147385/02456-g82-dl-project/hpc_logs/gcn_27278818.err> for stderr output of this job.

