dataset:
  dataset_name: qm9
  num_outputs: 1
  init:
    _target_: qm9.QM9DataModule
    data_augmentation: false
    name: qm9
    target: 2
    data_dir: ./data
    batch_size_train: 100
    batch_size_inference: 2048
    num_workers: 4
    splits:
    - 0.72
    - 0.08
    - 0.1
    - 0.1
    seed: 0
    subset_size: null
trainer:
  method: semi-supervised-ensemble
  train:
    total_epochs: 400
    validation_interval: 10
  init:
    _target_: trainer.SemiSupervisedEnsemble
    lambda_max: 0.05
    supervised_criterion:
      _target_: torch.nn.MSELoss
    optimizer:
      _target_: torch.optim.AdamW
      _partial_: true
      lr: 0.005
      weight_decay: 0.0001
    scheduler:
      _target_: torch.optim.lr_scheduler.CosineAnnealingLR
      _partial_: true
      T_max: 400
      eta_min: 1.0e-05
logger:
  _target_: logger.WandBLogger
  group: ${dataset.dataset_name}
  name: SchNet Final Boss Run
  job_type: test
  entity: DL-gr82
  project_name: Meanest Teacher
  disable: false
  local_dir: ./logs
model:
  name: schnet_like
  init:
    _target_: models.SchNetLikeModel
    _partial_: false
    num_node_features: 11
    hidden_channels: 512
    dropout: 0.15
num_models: 1
seed: 0
device: unset
force_deterministic: false
debug_mode: false
result_dir: ./results
compile_model: false

QM9 dataset loaded with 10466 labeled, 94198 unlabeled, 13083 validation, and 13084 test samples.
Batch sizes: labeled=100, unlabeled=100
Supervised batches: 105, Unsupervised batches: 942
tensor(0.1540, device='cuda:0')
tensor(0.1540, device='cuda:0', grad_fn=<MeanBackward0>)
[1;34mwandb[0m: 
[1;34mwandb[0m: 🚀 View run [33mSchNet Final Boss Run[0m at: [34mhttps://wandb.ai/DL-gr82/Meanest%20Teacher/runs/udya3541[0m

------------------------------------------------------------
Sender: LSF System <lsfadmin@hpc.dtu.dk>
Subject: Job 27256125: <sage_conv> in cluster <dcc> Done

Job <sage_conv> was submitted from host <n-62-27-20> by user <s194778> in cluster <dcc> at Tue Dec  2 21:19:51 2025
Job was executed on host(s) <8*n-62-20-10>, in queue <gpuv100>, as user <s194778> in cluster <dcc> at Tue Dec  2 21:44:50 2025
</zhome/f9/1/147385> was used as the home directory.
</zhome/f9/1/147385/02456-g82-dl-project> was used as the working directory.
Started at Tue Dec  2 21:44:50 2025
Terminated at Tue Dec  2 22:10:15 2025
Results reported at Tue Dec  2 22:10:15 2025

Your job looked like:

------------------------------------------------------------
# LSBATCH: User input
# LSBATCH: User input
#!/bin/bash
#BSUB -q gpuv100
#BSUB -J sage_conv
#BSUB -n 8
#BSUB -R "rusage[mem=10000]"
#BSUB -M 10000
# GPU & placement
#BSUB -R "select[gpu]"
#BSUB -R "span[hosts=1]"
#BSUB -gpu "num=1"
# Time & logs
#BSUB -W 08:00
#BSUB -o /zhome/f9/1/147385/02456-g82-dl-project/hpc_logs/gcn_%J.out
#BSUB -e /zhome/f9/1/147385/02456-g82-dl-project/hpc_logs/gcn_%J.err

set -euo pipefail

module purge
module load python3/3.10.12
# module load cuda/12.1
module load gcc
source "/zhome/f9/1/147385/my_venv/bin/activate"

#python3 src/run.py logger.name=sage trainer=semi-supervised-ensemble model=sage 

python3 src/run.py trainer=semi-supervised-ensemble-custom model=schnet_model logger.name="SchNet Final Boss Run"
#logger.name=gcn_residual_lr0.005_wd0.002 trainer=semi-supervised-ensemble model=gcn_residual trainer.init.optimizer.lr=0.005 trainer.init.optimizer.weight_decay=0.002
------------------------------------------------------------

Successfully completed.

Resource usage summary:

    CPU time :                                   3638.00 sec.
    Max Memory :                                 4960 MB
    Average Memory :                             4452.82 MB
    Total Requested Memory :                     80000.00 MB
    Delta Memory :                               75040.00 MB
    Max Swap :                                   -
    Max Processes :                              18
    Max Threads :                                89
    Run time :                                   1524 sec.
    Turnaround time :                            3024 sec.

The output (if any) is above this job summary.



PS:

Read file </zhome/f9/1/147385/02456-g82-dl-project/hpc_logs/gcn_27256125.err> for stderr output of this job.

