Loaded dependency [python3/3.10.12]: sqlite3/3.42.0
Loaded module: python3/3.10.12

Loading python3/3.10.12
  Loading requirement: sqlite3/3.42.0
Loaded module: gcc/13.3.0-binutils-2.42
wandb: Currently logged in as: adopetr (adopetr-danmarks-tekniske-universitet-dtu) to https://api.wandb.ai. Use `wandb login --relogin` to force relogin
wandb: setting up run eysx87rq
wandb: Tracking run with wandb version 0.23.0
wandb: Run data is saved locally in ./logs/wandb/run-20251122_210214-eysx87rq
wandb: Run `wandb offline` to turn off syncing.
wandb: Syncing run sage_conv_seed=0
wandb: ⭐️ View project at https://wandb.ai/adopetr-danmarks-tekniske-universitet-dtu/semi-supervised-ensembles
wandb: 🚀 View run at https://wandb.ai/adopetr-danmarks-tekniske-universitet-dtu/semi-supervised-ensembles/runs/eysx87rq
  0%|          | 0/100 [00:00<?, ?it/s]  0%|          | 0/100 [00:01<?, ?it/s]
Error executing job with overrides: ['trainer=semi-supervised-ensemble-custom', 'model=sage_conv']
Traceback (most recent call last):
  File "/zhome/f9/1/147385/02456-g82-dl-project/src/run.py", line 52, in main
    results = trainer.train(**cfg.trainer.train)
  File "/zhome/f9/1/147385/02456-g82-dl-project/src/trainer.py", line 155, in train
    supervised_losses = [self.supervised_criterion(m(x_sup), y_sup) for m in self.models]
  File "/zhome/f9/1/147385/02456-g82-dl-project/src/trainer.py", line 155, in <listcomp>
    supervised_losses = [self.supervised_criterion(m(x_sup), y_sup) for m in self.models]
  File "/zhome/f9/1/147385/my_venv/lib/python3.10/site-packages/torch/nn/modules/module.py", line 1775, in _wrapped_call_impl
    return self._call_impl(*args, **kwargs)
  File "/zhome/f9/1/147385/my_venv/lib/python3.10/site-packages/torch/nn/modules/module.py", line 1786, in _call_impl
    return forward_call(*args, **kwargs)
  File "/zhome/f9/1/147385/02456-g82-dl-project/src/models.py", line 70, in forward
    x = x + h  # residual connection
RuntimeError: The size of tensor a (11) must match the size of tensor b (256) at non-singleton dimension 1

Set the environment variable HYDRA_FULL_ERROR=1 for a complete stack trace.
