Running experiment with lambda_unsup = 0.001

------------------------------------------------------------
Sender: LSF System <lsfadmin@hpc.dtu.dk>
Subject: Job 27222289: <sage_conv> in cluster <dcc> Exited

Job <sage_conv> was submitted from host <n-62-30-1> by user <s194778> in cluster <dcc> at Sun Nov 30 22:54:30 2025
Job was executed on host(s) <8*n-62-20-13>, in queue <gpuv100>, as user <s194778> in cluster <dcc> at Sun Nov 30 22:56:44 2025
</zhome/f9/1/147385> was used as the home directory.
</zhome/f9/1/147385/02456-g82-dl-project> was used as the working directory.
Started at Sun Nov 30 22:56:44 2025
Terminated at Sun Nov 30 22:56:49 2025
Results reported at Sun Nov 30 22:56:49 2025

Your job looked like:

------------------------------------------------------------
# LSBATCH: User input
# LSBATCH: User input
#!/bin/bash
#BSUB -q gpuv100
#BSUB -J sage_conv
#BSUB -n 8
#BSUB -R "rusage[mem=32000]"
#BSUB -M 32000
# GPU & placement
#BSUB -R "select[gpu]"
#BSUB -R "span[hosts=1]"
#BSUB -gpu "num=1"
# Time & logs
#BSUB -W 08:00
#BSUB -o /zhome/f9/1/147385/02456-g82-dl-project/hpc_logs/gcn_%J.out
#BSUB -e /zhome/f9/1/147385/02456-g82-dl-project/hpc_logs/gcn_%J.err

set -euo pipefail

module purge
module load python3/3.10.12
module load gcc
# module load cuda/12.1  # uncomment if needed
source "/zhome/f9/1/147385/my_venv/bin/activate"

# Define the list of lambda_unsup values to sweep
LAMBDA_VALUES=(0.001 0.005 0.01 0.05 0.1)

for LAMBDA in "${LAMBDA_VALUES[@]}"; do
    echo "Running experiment with lambda_unsup = $LAMBDA"
    python3 src/run.py \
        trainer=semi-supervised-ensemble-custom \
        model=schnet_model \
        train.lambda_max=$LAMBDA \
        train.total_epochs=350 \
        logger.name="schnet_lambda_$LAMBDA"
done
------------------------------------------------------------

Exited with exit code 1.

Resource usage summary:

    CPU time :                                   2.80 sec.
    Max Memory :                                 -
    Average Memory :                             -
    Total Requested Memory :                     256000.00 MB
    Delta Memory :                               -
    Max Swap :                                   -
    Max Processes :                              -
    Max Threads :                                -
    Run time :                                   5 sec.
    Turnaround time :                            139 sec.

The output (if any) is above this job summary.



PS:

Read file </zhome/f9/1/147385/02456-g82-dl-project/hpc_logs/gcn_27222289.err> for stderr output of this job.

