Loaded dependency [python3/3.10.12]: sqlite3/3.42.0
Loaded module: python3/3.10.12

Loading python3/3.10.12
  Loading requirement: sqlite3/3.42.0
Loaded module: gcc/13.3.0-binutils-2.42
python3: can't open file '/zhome/3d/c/222266/gnn_intro/run.py': [Errno 2] No such file or directory

------------------------------------------------------------
Sender: LSF System <lsfadmin@hpc.dtu.dk>
Subject: Job 26846960: <run> in cluster <dcc> Exited

Job <run> was submitted from host <n-62-27-22> by user <s252263> in cluster <dcc> at Mon Nov 10 13:49:38 2025
Job was executed on host(s) <n-62-11-16>, in queue <gpuv100>, as user <s252263> in cluster <dcc> at Mon Nov 10 13:49:40 2025
</zhome/3d/c/222266> was used as the home directory.
</zhome/3d/c/222266/gnn_intro> was used as the working directory.
Started at Mon Nov 10 13:49:40 2025
Terminated at Mon Nov 10 13:49:41 2025
Results reported at Mon Nov 10 13:49:41 2025

Your job looked like:

------------------------------------------------------------
# LSBATCH: User input
#!/bin/bash
#BSUB -q gpuv100
#BSUB -J run GCN
#BSUB -n 8
#BSUB -R "rusage[mem=32GB]"
#BSUB -R "select[gpu]"
#BSUB -R "span[hosts=1]"
#BSUB -gpu "num=1"
#BSUB -W 08:00
#BSUB -o hpc_logs/gcn_%J.out
#BSUB -e hpc_logs/gcn_%J.err

set -euo pipefail

module purge
module load python3/3.10.12
module load gcc
source "/zhome/3d/c/222266/ComputationalTools/AmazonReview/.venv/bin/activate"

python3 run.py 
 

------------------------------------------------------------

Exited with exit code 2.

Resource usage summary:

    CPU time :                                   0.41 sec.
    Max Memory :                                 -
    Average Memory :                             -
    Total Requested Memory :                     1024.00 MB
    Delta Memory :                               -
    Max Swap :                                   -
    Max Processes :                              -
    Max Threads :                                -
    Run time :                                   1 sec.
    Turnaround time :                            3 sec.

The output (if any) is above this job summary.

